10:22:31 **** Incremental Build of configuration Debug for project ITC100 ****
make all 
make: 对“all”无需做任何事。
make: /home/ITC100/occi_opration.h：时间标记超出范围；正在替换 1970-01-01 08:00:00
make: /home/ITC100/public_data.h：时间标记超出范围；正在替换 1970-01-01 08:00:00
make: /home/ITC100/queue.h：时间标记超出范围；正在替换 1970-01-01 08:00:00
make: /home/ITC100/external_query.h：时间标记超出范围；正在替换 1970-01-01 08:00:00
make: /home/ITC100/signal_report.h：时间标记超出范围；正在替换 1970-01-01 08:00:00
make: /home/ITC100/parsing_report.h：时间标记超出范围；正在替换 1970-01-01 08:00:00
make: /home/ITC100/parsing_report_alalrm.h：时间标记超出范围；正在替换 1970-01-01 08:00:00
make: /home/ITC100/signal_timeout_check.h：时间标记超出范围；正在替换 1970-01-01 08:00:00
make: /home/ITC100/web_control_heart.h：时间标记超出范围；正在替换 1970-01-01 08:00:00
make: /home/ITC100/web_message_recv.h：时间标记超出范围；正在替换 1970-01-01 08:00:00
make: /home/ITC100/web_online_heart.h：时间标记超出范围；正在替换 1970-01-01 08:00:00
make: /home/ITC100/signal_control_heart.h：时间标记超出范围；正在替换 1970-01-01 08:00:00
make: /home/ITC100/signal_check_time.h：时间标记超出范围；正在替换 1970-01-01 08:00:00
make: ../src/signal_report.h：时间标记超出范围；正在替换 1970-01-01 08:00:00
make: ../src/occi_opration.h：时间标记超出范围；正在替换 1970-01-01 08:00:00
make: ../src/public_data.h：时间标记超出范围；正在替换 1970-01-01 08:00:00
make: ../src/parsing_report.h：时间标记超出范围；正在替换 1970-01-01 08:00:00
make: ../src/queue.cpp：时间标记超出范围；正在替换 1970-01-01 08:00:00
make: ../src/web_online_heart.cpp：时间标记超出范围；正在替换 1970-01-01 08:00:00

10:22:31 Build Finished (took 74ms)

